#
# A fatal error has been detected by the Java Runtime Environment:
#
#  SIGSEGV (0xb) at pc=0x00007fff6c1c3cf8, pid=3910, tid=10243
#
# JRE version: Java(TM) SE Runtime Environment (13.0.1+9) (build 13.0.1+9)
# Java VM: Java HotSpot(TM) 64-Bit Server VM (13.0.1+9, mixed mode, sharing, tiered, compressed oops, g1 gc, bsd-amd64)
# Problematic frame:
# C  [libobjc.A.dylib+0x7cf8]  objc_release+0x18
#
# No core dump will be written. Core dumps have been disabled. To enable core dumping, try "ulimit -c unlimited" before starting Java again
#
# If you would like to submit a bug report, please visit:
#   http://bugreport.java.com/bugreport/crash.jsp
# The crash happened outside the Java Virtual Machine in native code.
# See problematic frame for where to report the bug.
#

---------------  S U M M A R Y ------------

Command Line: -Djava.library.path=lib -javaagent:/Applications/IntelliJ IDEA.app/Contents/lib/idea_rt.jar=52614:/Applications/IntelliJ IDEA.app/Contents/bin -Dfile.encoding=UTF-8 fr.rphstudio.chess.launcher.MainLauncher

Host: MacBookPro14,1 x86_64 2300 MHz, 4 cores, 8G, Darwin 19.2.0
Time: Tue Feb 11 16:15:45 2020 CET elapsed time: 0 seconds (0d 0h 0m 0s)

---------------  T H R E A D  ---------------

Current thread (0x00007fc445013000):  JavaThread "main" [_thread_in_native, id=10243, stack(0x000070000bec8000,0x000070000bfc8000)]

Stack: [0x000070000bec8000,0x000070000bfc8000],  sp=0x000070000bfc72f8,  free space=1020k
Native frames: (J=compiled Java code, A=aot compiled Java code, j=interpreted, Vv=VM code, C=native code)
C  [libobjc.A.dylib+0x7cf8]  objc_release+0x18
C  [libobjc.A.dylib+0x8400]  objc_autoreleasePoolPop+0xaf
C  [CoreFoundation+0x41eb5]  _CFAutoreleasePoolPop+0x16
C  [Foundation+0x1ee95]  -[NSAutoreleasePool release]+0x81
j  org.lwjgl.opengl.MacOSXContextImplementation.setView(Ljava/nio/ByteBuffer;Ljava/nio/ByteBuffer;)V+0
j  org.lwjgl.opengl.MacOSXContextImplementation.makeCurrent(Lorg/lwjgl/opengl/PeerInfo;Ljava/nio/ByteBuffer;)V+7
j  org.lwjgl.opengl.ContextGL.makeCurrent()V+46
j  org.lwjgl.opengl.DrawableGL.makeCurrent()V+14
j  org.lwjgl.opengl.Display.makeCurrent()V+3
j  org.lwjgl.opengl.Display.makeCurrentAndSetSwapInterval()V+0
j  org.lwjgl.opengl.Display.create(Lorg/lwjgl/opengl/PixelFormat;Lorg/lwjgl/opengl/Drawable;Lorg/lwjgl/opengl/ContextAttribs;)V+108
j  org.lwjgl.opengl.Display.create(Lorg/lwjgl/opengl/PixelFormat;)V+12
j  org.newdawn.slick.AppGameContainer.tryCreateDisplay(Lorg/lwjgl/opengl/PixelFormat;)V+7
j  org.newdawn.slick.AppGameContainer.access$000(Lorg/newdawn/slick/AppGameContainer;Lorg/lwjgl/opengl/PixelFormat;)V+2
j  org.newdawn.slick.AppGameContainer$2.run()Ljava/lang/Object;+36
j  java.security.AccessController.executePrivileged(Ljava/security/PrivilegedAction;Ljava/security/AccessControlContext;Ljava/lang/Class;)Ljava/lang/Object;+29 java.base@13.0.1
j  java.security.AccessController.doPrivileged(Ljava/security/PrivilegedAction;)Ljava/lang/Object;+5 java.base@13.0.1
j  org.newdawn.slick.AppGameContainer.setup()V+112
j  org.newdawn.slick.AppGameContainer.start()V+1
j  fr.rphstudio.chess.launcher.MainLauncher.main([Ljava/lang/String;)V+29
v  ~StubRoutines::call_stub
V  [libjvm.dylib+0x39910f]  _ZN9JavaCalls11call_helperEP9JavaValueRK12methodHandleP17JavaCallArgumentsP6Thread+0x285
V  [libjvm.dylib+0x3da7c1]  _ZL17jni_invoke_staticP7JNIEnv_P9JavaValueP8_jobject11JNICallTypeP10_jmethodIDP18JNI_ArgumentPusherP6Thread+0x11c
V  [libjvm.dylib+0x3ddf84]  jni_CallStaticVoidMethod+0x1c9
C  [libjli.dylib+0x4a66]  JavaMain+0xab4
C  [libjli.dylib+0x6d64]  ThreadJavaMain+0x9
C  [libsystem_pthread.dylib+0x5e65]  _pthread_start+0x94
C  [libsystem_pthread.dylib+0x183b]  thread_start+0xf

Java frames: (J=compiled Java code, j=interpreted, Vv=VM code)
j  org.lwjgl.opengl.MacOSXContextImplementation.setView(Ljava/nio/ByteBuffer;Ljava/nio/ByteBuffer;)V+0
j  org.lwjgl.opengl.MacOSXContextImplementation.makeCurrent(Lorg/lwjgl/opengl/PeerInfo;Ljava/nio/ByteBuffer;)V+7
j  org.lwjgl.opengl.ContextGL.makeCurrent()V+46
j  org.lwjgl.opengl.DrawableGL.makeCurrent()V+14
j  org.lwjgl.opengl.Display.makeCurrent()V+3
j  org.lwjgl.opengl.Display.makeCurrentAndSetSwapInterval()V+0
j  org.lwjgl.opengl.Display.create(Lorg/lwjgl/opengl/PixelFormat;Lorg/lwjgl/opengl/Drawable;Lorg/lwjgl/opengl/ContextAttribs;)V+108
j  org.lwjgl.opengl.Display.create(Lorg/lwjgl/opengl/PixelFormat;)V+12
j  org.newdawn.slick.AppGameContainer.tryCreateDisplay(Lorg/lwjgl/opengl/PixelFormat;)V+7
j  org.newdawn.slick.AppGameContainer.access$000(Lorg/newdawn/slick/AppGameContainer;Lorg/lwjgl/opengl/PixelFormat;)V+2
j  org.newdawn.slick.AppGameContainer$2.run()Ljava/lang/Object;+36
j  java.security.AccessController.executePrivileged(Ljava/security/PrivilegedAction;Ljava/security/AccessControlContext;Ljava/lang/Class;)Ljava/lang/Object;+29 java.base@13.0.1
j  java.security.AccessController.doPrivileged(Ljava/security/PrivilegedAction;)Ljava/lang/Object;+5 java.base@13.0.1
j  org.newdawn.slick.AppGameContainer.setup()V+112
j  org.newdawn.slick.AppGameContainer.start()V+1
j  fr.rphstudio.chess.launcher.MainLauncher.main([Ljava/lang/String;)V+29
v  ~StubRoutines::call_stub

siginfo: si_signo: 11 (SIGSEGV), si_code: 1 (SEGV_MAPERR), si_addr: 0x0000000000000020

Register to memory mapping:

RAX=0x0 is NULL
RBX=0x00007fc44401e000 points into unknown readable memory: a1 a1 a1 a1 41 55 54 4f
RCX=0x00007fc44401e170 points into unknown readable memory: a3 a3 a3 a3 a3 a3 a3 a3
RDX=0x0000000000000007 is an unknown value
RSP=0x000070000bfc72f8 is pointing into the stack for thread: 0x00007fc445013000
RBP=0x000070000bfc7320 is pointing into the stack for thread: 0x00007fc445013000
RSI=0x00007fc443cc92f0 points into unknown readable memory: 9d 1b 3e 29 01 80 3d 00
RDI=0x00007fc443cd05d0 points into unknown readable memory: 00 00 00 00 00 00 00 20
R8 =0x00000000000130a8 is an unknown value
R9 =0x0 is NULL
R10=0x00000001293e1b98: OBJC_CLASS_$_MacOSXOpenGLView+0 in /Users/AlyssiaPH/Documents/Cours/POO/EstebanChess/lib/liblwjgl.jnilib at 0x00000001293a6000
R11=0x00007fff3320b30c: -[NSResponder release]+0 in /System/Library/Frameworks/AppKit.framework/Versions/C/AppKit at 0x00007fff33200000
R12=0x0 is NULL
R13=0x0000000124323f38 is pointing into metadata
R14=0x00007fc44401e100 points into unknown readable memory: 00 00 00 00 00 00 00 00
R15=0xa3a3a3a3a3a3a3a3 is an unknown value


Registers:
RAX=0x0000000000000000, RBX=0x00007fc44401e000, RCX=0x00007fc44401e170, RDX=0x0000000000000007
RSP=0x000070000bfc72f8, RBP=0x000070000bfc7320, RSI=0x00007fc443cc92f0, RDI=0x00007fc443cd05d0
R8 =0x00000000000130a8, R9 =0x0000000000000000, R10=0x00000001293e1b98, R11=0x00007fff3320b30c
R12=0x0000000000000000, R13=0x0000000124323f38, R14=0x00007fc44401e100, R15=0xa3a3a3a3a3a3a3a3
RIP=0x00007fff6c1c3cf8, EFLAGS=0x0000000000010246, ERR=0x0000000000000004
  TRAPNO=0x000000000000000e

Top of Stack: (sp=0x000070000bfc72f8)
0x000070000bfc72f8:   00007fff6c1de4ba 0000000000000000
0x000070000bfc7308:   00007fc44401e000 00007fff77556fe8
0x000070000bfc7318:   00007fc445013000 000070000bfc7340
0x000070000bfc7328:   00007fff6c1c4400 0000000000000000
0x000070000bfc7338:   00007fc44401e100 000070000bfc7360
0x000070000bfc7348:   00007fff36037eb5 0000000000000000
0x000070000bfc7358:   00007fc443e50910 000070000bfc73a0
0x000070000bfc7368:   00007fff386d9e95 000070000bfc73a0
0x000070000bfc7378:   00000001293bb804 0000000124323f40
0x000070000bfc7388:   8c81587127320035 0000000124323f40
0x000070000bfc7398:   000070000bfc7438 000070000bfc7410
0x000070000bfc73a8:   000000010dc94c90 000070000bfc7410
0x000070000bfc73b8:   000000010dc949de 000000010dc94996
0x000070000bfc73c8:   000070000bfc73c8 0000000124323f38
0x000070000bfc73d8:   000070000bfc7438 00000001243244e8
0x000070000bfc73e8:   0000000000000000 0000000787bccb68
0x000070000bfc73f8:   0000000124323f40 0000000000000000
0x000070000bfc7408:   000070000bfc7430 000070000bfc7488
0x000070000bfc7418:   000000010dc8efb3 0000000787bccb68
0x000070000bfc7428:   000000010dc91bb8 0000000787bd8060
0x000070000bfc7438:   0000000787b4faa0 000070000bfc7440
0x000070000bfc7448:   0000000124323e37 000070000bfc74b8
0x000070000bfc7458:   00000001243244e8 0000000000000000
0x000070000bfc7468:   0000000787bccb68 0000000124323ea8
0x000070000bfc7478:   000070000bfc7430 000070000bfc74a8
0x000070000bfc7488:   000070000bfc7518 000000010dc8eff8
0x000070000bfc7498:   0000000000000000 0000000787b4faa0
0x000070000bfc74a8:   0000000787bd8060 0000000787b4f9e0
0x000070000bfc74b8:   0000000787bccc90 000070000bfc7500
0x000070000bfc74c8:   0000000787bccca0 000070000bfc74c0
0x000070000bfc74d8:   0000000124321666 000070000bfc7528
0x000070000bfc74e8:   00000001243225a8 0000000000000000 

Instructions: (pc=0x00007fff6c1c3cf8)
0x00007fff6c1c3bf8:   90 90 66 83 7f 0e 00 74 03 31 c0 c3 48 8b 07 8b
0x00007fff6c1c3c08:   57 08 48 8d 0d bf c7 01 00 85 d2 74 39 8b 57 08
0x00007fff6c1c3c18:   ff c2 81 fa 02 04 00 00 72 2c 31 f6 89 d7 48 89
0x00007fff6c1c3c28:   f1 d1 ef 48 8d 76 01 83 fa 03 89 fa 77 f0 3b 35
0x00007fff6c1c3c38:   5c f1 1f 2b 73 0e 48 8b 15 5b f1 1f 2b 48 8b 4c
0x00007fff6c1c3c48:   ca 08 eb 02 31 c9 48 39 c1 0f 94 c0 c3 90 90 90
0x00007fff6c1c3c58:   90 90 90 90 90 90 90 90 90 90 90 55 48 89 e5 41
0x00007fff6c1c3c68:   56 53 89 fb 41 89 fe 49 c1 e6 04 be 01 00 00 00
0x00007fff6c1c3c78:   4c 89 f7 e8 74 c0 01 00 49 89 44 06 f8 49 c7 44
0x00007fff6c1c3c88:   06 f0 01 00 00 00 80 3d d5 f2 1f 2b 00 74 2e 31
0x00007fff6c1c3c98:   c9 83 fb 02 72 14 31 c9 89 da d1 ea ff c1 83 fb
0x00007fff6c1c3ca8:   03 89 d3 77 f5 83 f9 0f 77 0c 89 c9 48 8d 15 95
0x00007fff6c1c3cb8:   f0 1f 2b ff 04 8a 48 ff 05 cb f0 1f 2b 5b 41 5e
0x00007fff6c1c3cc8:   5d c3 90 90 90 90 90 90 90 90 90 e9 c3 3d 00 00
0x00007fff6c1c3cd8:   90 90 90 90 90 90 90 90 48 85 ff 74 64 40 f6 c7
0x00007fff6c1c3ce8:   01 75 5e 48 b8 f8 ff ff ff ff 7f 00 00 48 23 07
0x00007fff6c1c3cf8:   f6 40 20 04 74 69 48 b9 00 00 00 00 00 00 00 01
0x00007fff6c1c3d08:   48 ba 00 00 00 00 00 00 40 00 48 8b 07 a8 01 74
0x00007fff6c1c3d18:   3e 48 89 c6 48 29 ce 73 21 48 0f ba e0 37 72 4c
0x00007fff6c1c3d28:   48 0f ba e0 36 0f 82 69 9e 01 00 48 89 c6 48 09
0x00007fff6c1c3d38:   d6 f0 48 0f b1 37 75 d2 eb 08 f0 48 0f b1 37 75
0x00007fff6c1c3d48:   c9 c3 48 8b 35 9f e1 1f 2b ff 25 21 c3 1f 2b f6
0x00007fff6c1c3d58:   40 1c 01 75 ec be 01 00 00 00 e9 37 55 00 00 48
0x00007fff6c1c3d68:   8b 35 b2 e0 1f 2b ff 25 04 c3 1f 2b be 01 00 00
0x00007fff6c1c3d78:   00 e9 28 58 00 00 90 90 90 90 90 90 90 90 90 90
0x00007fff6c1c3d88:   90 90 e9 04 00 00 00 90 90 90 90 55 48 89 e5 53
0x00007fff6c1c3d98:   50 48 89 fb f6 c3 01 75 21 48 b8 07 00 00 00 00
0x00007fff6c1c3da8:   00 a0 00 48 23 03 48 83 f8 01 75 15 48 89 df 48
0x00007fff6c1c3db8:   83 c4 08 5b 5d e9 86 bf 01 00 48 83 c4 08 5b 5d
0x00007fff6c1c3dc8:   c3 48 89 df e8 3d 00 00 00 eb e1 90 90 90 90 90
0x00007fff6c1c3dd8:   90 90 90 90 48 85 ff 74 1c 55 48 89 e5 53 50 48
0x00007fff6c1c3de8:   89 fb e8 1f 00 00 00 48 89 df e8 51 bf 01 00 48 


Stack slot to memory mapping:
stack at sp + 0 slots: 0x00007fff6c1de4ba: _ZN19AutoreleasePoolPage12releaseUntilEPP11objc_object+0x86 in /usr/lib/libobjc.A.dylib at 0x00007fff6c1bc000
stack at sp + 1 slots: 0x0 is NULL
stack at sp + 2 slots: 0x00007fc44401e000 points into unknown readable memory: a1 a1 a1 a1 41 55 54 4f
stack at sp + 3 slots: 0x00007fff77556fe8: GCC_except_table733+0xb36d184 in /usr/lib/libobjc.A.dylib at 0x00007fff6c1bc000
stack at sp + 4 slots: 0x00007fc445013000 is a thread
stack at sp + 5 slots: 0x000070000bfc7340 is pointing into the stack for thread: 0x00007fc445013000
stack at sp + 6 slots: 0x00007fff6c1c4400: objc_autoreleasePoolPop+0xaf in /usr/lib/libobjc.A.dylib at 0x00007fff6c1bc000
stack at sp + 7 slots: 0x0 is NULL


---------------  P R O C E S S  ---------------

Threads class SMR info:
_java_thread_list=0x00007fc443c8b240, length=12, elements={
0x00007fc445013000, 0x00007fc445006000, 0x00007fc445009000, 0x00007fc44402d800,
0x00007fc44582e800, 0x00007fc44582f800, 0x00007fc445006800, 0x00007fc444020000,
0x00007fc44402e800, 0x00007fc44405c800, 0x00007fc445945800, 0x00007fc44493e000
}

Java Threads: ( => current thread )
=>0x00007fc445013000 JavaThread "main" [_thread_in_native, id=10243, stack(0x000070000bec8000,0x000070000bfc8000)]
  0x00007fc445006000 JavaThread "Reference Handler" daemon [_thread_blocked, id=14339, stack(0x000070000c5dd000,0x000070000c6dd000)]
  0x00007fc445009000 JavaThread "Finalizer" daemon [_thread_blocked, id=17923, stack(0x000070000c6e0000,0x000070000c7e0000)]
  0x00007fc44402d800 JavaThread "Signal Dispatcher" daemon [_thread_blocked, id=21763, stack(0x000070000c8e9000,0x000070000c9e9000)]
  0x00007fc44582e800 JavaThread "C2 CompilerThread0" daemon [_thread_blocked, id=22275, stack(0x000070000c9ec000,0x000070000caec000)]
  0x00007fc44582f800 JavaThread "C1 CompilerThread0" daemon [_thread_blocked, id=23043, stack(0x000070000caef000,0x000070000cbef000)]
  0x00007fc445006800 JavaThread "Sweeper thread" daemon [_thread_blocked, id=23555, stack(0x000070000cbf2000,0x000070000ccf2000)]
  0x00007fc444020000 JavaThread "Common-Cleaner" daemon [_thread_blocked, id=24067, stack(0x000070000ccf5000,0x000070000cdf5000)]
  0x00007fc44402e800 JavaThread "Monitor Ctrl-Break" daemon [_thread_in_native, id=42243, stack(0x000070000cdf8000,0x000070000cef8000)]
  0x00007fc44405c800 JavaThread "Service Thread" daemon [_thread_blocked, id=41987, stack(0x000070000cefb000,0x000070000cffb000)]
  0x00007fc445945800 JavaThread "AppKit Thread" daemon [_thread_in_native, id=775, stack(0x00007ffeeb9f4000,0x00007ffeec1f4000)]
  0x00007fc44493e000 JavaThread "AWT-Shutdown" [_thread_blocked, id=34819, stack(0x000070000d184000,0x000070000d284000)]

Other Threads:
  0x00007fc44582b000 VMThread "VM Thread" [stack: 0x000070000c4da000,0x000070000c5da000] [id=18691]
  0x00007fc445819000 WatcherThread [stack: 0x000070000cffe000,0x000070000d0fe000] [id=25091]
  0x00007fc445818800 GCTaskThread "GC Thread#0" [stack: 0x000070000bfcb000,0x000070000c0cb000] [id=20995]
  0x00007fc444813800 ConcurrentGCThread "G1 Main Marker" [stack: 0x000070000c0ce000,0x000070000c1ce000] [id=11779]
  0x00007fc44400c000 ConcurrentGCThread "G1 Conc#0" [stack: 0x000070000c1d1000,0x000070000c2d1000] [id=12035]
  0x00007fc444854800 ConcurrentGCThread "G1 Refine#0" [stack: 0x000070000c2d4000,0x000070000c3d4000] [id=19715]
  0x00007fc444855000 ConcurrentGCThread "G1 Young RemSet Sampling" [stack: 0x000070000c3d7000,0x000070000c4d7000] [id=19459]

Threads with active compile tasks:

VM state:not at safepoint (normal execution)

VM Mutex/Monitor currently owned by a thread: None

Heap address: 0x0000000780000000, size: 2048 MB, Compressed Oops mode: Zero based, Oop shift amount: 3
Narrow klass base: 0x0000000800000000, Narrow klass shift: 3
Compressed class space size: 1073741824 Address: 0x0000000800ae0000

Heap:
 garbage-first heap   total 133120K, used 4856K [0x0000000780000000, 0x0000000800000000)
  region size 1024K, 5 young (5120K), 0 survivors (0K)
 Metaspace       used 2871K, capacity 5241K, committed 5504K, reserved 1056768K
  class space    used 285K, capacity 515K, committed 640K, reserved 1048576K
Heap Regions: E=young(eden), S=young(survivor), O=old, HS=humongous(starts), HC=humongous(continues), CS=collection set, F=free, A=archive, TAMS=top-at-mark-start (previous, next)
|   0|0x0000000780000000, 0x0000000780000000, 0x0000000780100000|  0%| F|  |TAMS 0x0000000780000000, 0x0000000780000000| Untracked 
|   1|0x0000000780100000, 0x0000000780100000, 0x0000000780200000|  0%| F|  |TAMS 0x0000000780100000, 0x0000000780100000| Untracked 
|   2|0x0000000780200000, 0x0000000780200000, 0x0000000780300000|  0%| F|  |TAMS 0x0000000780200000, 0x0000000780200000| Untracked 
|   3|0x0000000780300000, 0x0000000780300000, 0x0000000780400000|  0%| F|  |TAMS 0x0000000780300000, 0x0000000780300000| Untracked 
|   4|0x0000000780400000, 0x0000000780400000, 0x0000000780500000|  0%| F|  |TAMS 0x0000000780400000, 0x0000000780400000| Untracked 
|   5|0x0000000780500000, 0x0000000780500000, 0x0000000780600000|  0%| F|  |TAMS 0x0000000780500000, 0x0000000780500000| Untracked 
|   6|0x0000000780600000, 0x0000000780600000, 0x0000000780700000|  0%| F|  |TAMS 0x0000000780600000, 0x0000000780600000| Untracked 
|   7|0x0000000780700000, 0x0000000780700000, 0x0000000780800000|  0%| F|  |TAMS 0x0000000780700000, 0x0000000780700000| Untracked 
|   8|0x0000000780800000, 0x0000000780800000, 0x0000000780900000|  0%| F|  |TAMS 0x0000000780800000, 0x0000000780800000| Untracked 
|   9|0x0000000780900000, 0x0000000780900000, 0x0000000780a00000|  0%| F|  |TAMS 0x0000000780900000, 0x0000000780900000| Untracked 
|  10|0x0000000780a00000, 0x0000000780a00000, 0x0000000780b00000|  0%| F|  |TAMS 0x0000000780a00000, 0x0000000780a00000| Untracked 
|  11|0x0000000780b00000, 0x0000000780b00000, 0x0000000780c00000|  0%| F|  |TAMS 0x0000000780b00000, 0x0000000780b00000| Untracked 
|  12|0x0000000780c00000, 0x0000000780c00000, 0x0000000780d00000|  0%| F|  |TAMS 0x0000000780c00000, 0x0000000780c00000| Untracked 
|  13|0x0000000780d00000, 0x0000000780d00000, 0x0000000780e00000|  0%| F|  |TAMS 0x0000000780d00000, 0x0000000780d00000| Untracked 
|  14|0x0000000780e00000, 0x0000000780e00000, 0x0000000780f00000|  0%| F|  |TAMS 0x0000000780e00000, 0x0000000780e00000| Untracked 
|  15|0x0000000780f00000, 0x0000000780f00000, 0x0000000781000000|  0%| F|  |TAMS 0x0000000780f00000, 0x0000000780f00000| Untracked 
|  16|0x0000000781000000, 0x0000000781000000, 0x0000000781100000|  0%| F|  |TAMS 0x0000000781000000, 0x0000000781000000| Untracked 
|  17|0x0000000781100000, 0x0000000781100000, 0x0000000781200000|  0%| F|  |TAMS 0x0000000781100000, 0x0000000781100000| Untracked 
|  18|0x0000000781200000, 0x0000000781200000, 0x0000000781300000|  0%| F|  |TAMS 0x0000000781200000, 0x0000000781200000| Untracked 
|  19|0x0000000781300000, 0x0000000781300000, 0x0000000781400000|  0%| F|  |TAMS 0x0000000781300000, 0x0000000781300000| Untracked 
|  20|0x0000000781400000, 0x0000000781400000, 0x0000000781500000|  0%| F|  |TAMS 0x0000000781400000, 0x0000000781400000| Untracked 
|  21|0x0000000781500000, 0x0000000781500000, 0x0000000781600000|  0%| F|  |TAMS 0x0000000781500000, 0x0000000781500000| Untracked 
|  22|0x0000000781600000, 0x0000000781600000, 0x0000000781700000|  0%| F|  |TAMS 0x0000000781600000, 0x0000000781600000| Untracked 
|  23|0x0000000781700000, 0x0000000781700000, 0x0000000781800000|  0%| F|  |TAMS 0x0000000781700000, 0x0000000781700000| Untracked 
|  24|0x0000000781800000, 0x0000000781800000, 0x0000000781900000|  0%| F|  |TAMS 0x0000000781800000, 0x0000000781800000| Untracked 
|  25|0x0000000781900000, 0x0000000781900000, 0x0000000781a00000|  0%| F|  |TAMS 0x0000000781900000, 0x0000000781900000| Untracked 
|  26|0x0000000781a00000, 0x0000000781a00000, 0x0000000781b00000|  0%| F|  |TAMS 0x0000000781a00000, 0x0000000781a00000| Untracked 
|  27|0x0000000781b00000, 0x0000000781b00000, 0x0000000781c00000|  0%| F|  |TAMS 0x0000000781b00000, 0x0000000781b00000| Untracked 
|  28|0x0000000781c00000, 0x0000000781c00000, 0x0000000781d00000|  0%| F|  |TAMS 0x0000000781c00000, 0x0000000781c00000| Untracked 
|  29|0x0000000781d00000, 0x0000000781d00000, 0x0000000781e00000|  0%| F|  |TAMS 0x0000000781d00000, 0x0000000781d00000| Untracked 
|  30|0x0000000781e00000, 0x0000000781e00000, 0x0000000781f00000|  0%| F|  |TAMS 0x0000000781e00000, 0x0000000781e00000| Untracked 
|  31|0x0000000781f00000, 0x0000000781f00000, 0x0000000782000000|  0%| F|  |TAMS 0x0000000781f00000, 0x0000000781f00000| Untracked 
|  32|0x0000000782000000, 0x0000000782000000, 0x0000000782100000|  0%| F|  |TAMS 0x0000000782000000, 0x0000000782000000| Untracked 
|  33|0x0000000782100000, 0x0000000782100000, 0x0000000782200000|  0%| F|  |TAMS 0x0000000782100000, 0x0000000782100000| Untracked 
|  34|0x0000000782200000, 0x0000000782200000, 0x0000000782300000|  0%| F|  |TAMS 0x0000000782200000, 0x0000000782200000| Untracked 
|  35|0x0000000782300000, 0x0000000782300000, 0x0000000782400000|  0%| F|  |TAMS 0x0000000782300000, 0x0000000782300000| Untracked 
|  36|0x0000000782400000, 0x0000000782400000, 0x0000000782500000|  0%| F|  |TAMS 0x0000000782400000, 0x0000000782400000| Untracked 
|  37|0x0000000782500000, 0x0000000782500000, 0x0000000782600000|  0%| F|  |TAMS 0x0000000782500000, 0x0000000782500000| Untracked 
|  38|0x0000000782600000, 0x0000000782600000, 0x0000000782700000|  0%| F|  |TAMS 0x0000000782600000, 0x0000000782600000| Untracked 
|  39|0x0000000782700000, 0x0000000782700000, 0x0000000782800000|  0%| F|  |TAMS 0x0000000782700000, 0x0000000782700000| Untracked 
|  40|0x0000000782800000, 0x0000000782800000, 0x0000000782900000|  0%| F|  |TAMS 0x0000000782800000, 0x0000000782800000| Untracked 
|  41|0x0000000782900000, 0x0000000782900000, 0x0000000782a00000|  0%| F|  |TAMS 0x0000000782900000, 0x0000000782900000| Untracked 
|  42|0x0000000782a00000, 0x0000000782a00000, 0x0000000782b00000|  0%| F|  |TAMS 0x0000000782a00000, 0x0000000782a00000| Untracked 
|  43|0x0000000782b00000, 0x0000000782b00000, 0x0000000782c00000|  0%| F|  |TAMS 0x0000000782b00000, 0x0000000782b00000| Untracked 
|  44|0x0000000782c00000, 0x0000000782c00000, 0x0000000782d00000|  0%| F|  |TAMS 0x0000000782c00000, 0x0000000782c00000| Untracked 
|  45|0x0000000782d00000, 0x0000000782d00000, 0x0000000782e00000|  0%| F|  |TAMS 0x0000000782d00000, 0x0000000782d00000| Untracked 
|  46|0x0000000782e00000, 0x0000000782e00000, 0x0000000782f00000|  0%| F|  |TAMS 0x0000000782e00000, 0x0000000782e00000| Untracked 
|  47|0x0000000782f00000, 0x0000000782f00000, 0x0000000783000000|  0%| F|  |TAMS 0x0000000782f00000, 0x0000000782f00000| Untracked 
|  48|0x0000000783000000, 0x0000000783000000, 0x0000000783100000|  0%| F|  |TAMS 0x0000000783000000, 0x0000000783000000| Untracked 
|  49|0x0000000783100000, 0x0000000783100000, 0x0000000783200000|  0%| F|  |TAMS 0x0000000783100000, 0x0000000783100000| Untracked 
|  50|0x0000000783200000, 0x0000000783200000, 0x0000000783300000|  0%| F|  |TAMS 0x0000000783200000, 0x0000000783200000| Untracked 
|  51|0x0000000783300000, 0x0000000783300000, 0x0000000783400000|  0%| F|  |TAMS 0x0000000783300000, 0x0000000783300000| Untracked 
|  52|0x0000000783400000, 0x0000000783400000, 0x0000000783500000|  0%| F|  |TAMS 0x0000000783400000, 0x0000000783400000| Untracked 
|  53|0x0000000783500000, 0x0000000783500000, 0x0000000783600000|  0%| F|  |TAMS 0x0000000783500000, 0x0000000783500000| Untracked 
|  54|0x0000000783600000, 0x0000000783600000, 0x0000000783700000|  0%| F|  |TAMS 0x0000000783600000, 0x0000000783600000| Untracked 
|  55|0x0000000783700000, 0x0000000783700000, 0x0000000783800000|  0%| F|  |TAMS 0x0000000783700000, 0x0000000783700000| Untracked 
|  56|0x0000000783800000, 0x0000000783800000, 0x0000000783900000|  0%| F|  |TAMS 0x0000000783800000, 0x0000000783800000| Untracked 
|  57|0x0000000783900000, 0x0000000783900000, 0x0000000783a00000|  0%| F|  |TAMS 0x0000000783900000, 0x0000000783900000| Untracked 
|  58|0x0000000783a00000, 0x0000000783a00000, 0x0000000783b00000|  0%| F|  |TAMS 0x0000000783a00000, 0x0000000783a00000| Untracked 
|  59|0x0000000783b00000, 0x0000000783b00000, 0x0000000783c00000|  0%| F|  |TAMS 0x0000000783b00000, 0x0000000783b00000| Untracked 
|  60|0x0000000783c00000, 0x0000000783c00000, 0x0000000783d00000|  0%| F|  |TAMS 0x0000000783c00000, 0x0000000783c00000| Untracked 
|  61|0x0000000783d00000, 0x0000000783d00000, 0x0000000783e00000|  0%| F|  |TAMS 0x0000000783d00000, 0x0000000783d00000| Untracked 
|  62|0x0000000783e00000, 0x0000000783e00000, 0x0000000783f00000|  0%| F|  |TAMS 0x0000000783e00000, 0x0000000783e00000| Untracked 
|  63|0x0000000783f00000, 0x0000000783f00000, 0x0000000784000000|  0%| F|  |TAMS 0x0000000783f00000, 0x0000000783f00000| Untracked 
|  64|0x0000000784000000, 0x0000000784000000, 0x0000000784100000|  0%| F|  |TAMS 0x0000000784000000, 0x0000000784000000| Untracked 
|  65|0x0000000784100000, 0x0000000784100000, 0x0000000784200000|  0%| F|  |TAMS 0x0000000784100000, 0x0000000784100000| Untracked 
|  66|0x0000000784200000, 0x0000000784200000, 0x0000000784300000|  0%| F|  |TAMS 0x0000000784200000, 0x0000000784200000| Untracked 
|  67|0x0000000784300000, 0x0000000784300000, 0x0000000784400000|  0%| F|  |TAMS 0x0000000784300000, 0x0000000784300000| Untracked 
|  68|0x0000000784400000, 0x0000000784400000, 0x0000000784500000|  0%| F|  |TAMS 0x0000000784400000, 0x0000000784400000| Untracked 
|  69|0x0000000784500000, 0x0000000784500000, 0x0000000784600000|  0%| F|  |TAMS 0x0000000784500000, 0x0000000784500000| Untracked 
|  70|0x0000000784600000, 0x0000000784600000, 0x0000000784700000|  0%| F|  |TAMS 0x0000000784600000, 0x0000000784600000| Untracked 
|  71|0x0000000784700000, 0x0000000784700000, 0x0000000784800000|  0%| F|  |TAMS 0x0000000784700000, 0x0000000784700000| Untracked 
|  72|0x0000000784800000, 0x0000000784800000, 0x0000000784900000|  0%| F|  |TAMS 0x0000000784800000, 0x0000000784800000| Untracked 
|  73|0x0000000784900000, 0x0000000784900000, 0x0000000784a00000|  0%| F|  |TAMS 0x0000000784900000, 0x0000000784900000| Untracked 
|  74|0x0000000784a00000, 0x0000000784a00000, 0x0000000784b00000|  0%| F|  |TAMS 0x0000000784a00000, 0x0000000784a00000| Untracked 
|  75|0x0000000784b00000, 0x0000000784b00000, 0x0000000784c00000|  0%| F|  |TAMS 0x0000000784b00000, 0x0000000784b00000| Untracked 
|  76|0x0000000784c00000, 0x0000000784c00000, 0x0000000784d00000|  0%| F|  |TAMS 0x0000000784c00000, 0x0000000784c00000| Untracked 
|  77|0x0000000784d00000, 0x0000000784d00000, 0x0000000784e00000|  0%| F|  |TAMS 0x0000000784d00000, 0x0000000784d00000| Untracked 
|  78|0x0000000784e00000, 0x0000000784e00000, 0x0000000784f00000|  0%| F|  |TAMS 0x0000000784e00000, 0x0000000784e00000| Untracked 
|  79|0x0000000784f00000, 0x0000000784f00000, 0x0000000785000000|  0%| F|  |TAMS 0x0000000784f00000, 0x0000000784f00000| Untracked 
|  80|0x0000000785000000, 0x0000000785000000, 0x0000000785100000|  0%| F|  |TAMS 0x0000000785000000, 0x0000000785000000| Untracked 
|  81|0x0000000785100000, 0x0000000785100000, 0x0000000785200000|  0%| F|  |TAMS 0x0000000785100000, 0x0000000785100000| Untracked 
|  82|0x0000000785200000, 0x0000000785200000, 0x0000000785300000|  0%| F|  |TAMS 0x0000000785200000, 0x0000000785200000| Untracked 
|  83|0x0000000785300000, 0x0000000785300000, 0x0000000785400000|  0%| F|  |TAMS 0x0000000785300000, 0x0000000785300000| Untracked 
|  84|0x0000000785400000, 0x0000000785400000, 0x0000000785500000|  0%| F|  |TAMS 0x0000000785400000, 0x0000000785400000| Untracked 
|  85|0x0000000785500000, 0x0000000785500000, 0x0000000785600000|  0%| F|  |TAMS 0x0000000785500000, 0x0000000785500000| Untracked 
|  86|0x0000000785600000, 0x0000000785600000, 0x0000000785700000|  0%| F|  |TAMS 0x0000000785600000, 0x0000000785600000| Untracked 
|  87|0x0000000785700000, 0x0000000785700000, 0x0000000785800000|  0%| F|  |TAMS 0x0000000785700000, 0x0000000785700000| Untracked 
|  88|0x0000000785800000, 0x0000000785800000, 0x0000000785900000|  0%| F|  |TAMS 0x0000000785800000, 0x0000000785800000| Untracked 
|  89|0x0000000785900000, 0x0000000785900000, 0x0000000785a00000|  0%| F|  |TAMS 0x0000000785900000, 0x0000000785900000| Untracked 
|  90|0x0000000785a00000, 0x0000000785a00000, 0x0000000785b00000|  0%| F|  |TAMS 0x0000000785a00000, 0x0000000785a00000| Untracked 
|  91|0x0000000785b00000, 0x0000000785b00000, 0x0000000785c00000|  0%| F|  |TAMS 0x0000000785b00000, 0x0000000785b00000| Untracked 
|  92|0x0000000785c00000, 0x0000000785c00000, 0x0000000785d00000|  0%| F|  |TAMS 0x0000000785c00000, 0x0000000785c00000| Untracked 
|  93|0x0000000785d00000, 0x0000000785d00000, 0x0000000785e00000|  0%| F|  |TAMS 0x0000000785d00000, 0x0000000785d00000| Untracked 
|  94|0x0000000785e00000, 0x0000000785e00000, 0x0000000785f00000|  0%| F|  |TAMS 0x0000000785e00000, 0x0000000785e00000| Untracked 
|  95|0x0000000785f00000, 0x0000000785f00000, 0x0000000786000000|  0%| F|  |TAMS 0x0000000785f00000, 0x0000000785f00000| Untracked 
|  96|0x0000000786000000, 0x0000000786000000, 0x0000000786100000|  0%| F|  |TAMS 0x0000000786000000, 0x0000000786000000| Untracked 
|  97|0x0000000786100000, 0x0000000786100000, 0x0000000786200000|  0%| F|  |TAMS 0x0000000786100000, 0x0000000786100000| Untracked 
|  98|0x0000000786200000, 0x0000000786200000, 0x0000000786300000|  0%| F|  |TAMS 0x0000000786200000, 0x0000000786200000| Untracked 
|  99|0x0000000786300000, 0x0000000786300000, 0x0000000786400000|  0%| F|  |TAMS 0x0000000786300000, 0x0000000786300000| Untracked 
| 100|0x0000000786400000, 0x0000000786400000, 0x0000000786500000|  0%| F|  |TAMS 0x0000000786400000, 0x0000000786400000| Untracked 
| 101|0x0000000786500000, 0x0000000786500000, 0x0000000786600000|  0%| F|  |TAMS 0x0000000786500000, 0x0000000786500000| Untracked 
| 102|0x0000000786600000, 0x0000000786600000, 0x0000000786700000|  0%| F|  |TAMS 0x0000000786600000, 0x0000000786600000| Untracked 
| 103|0x0000000786700000, 0x0000000786700000, 0x0000000786800000|  0%| F|  |TAMS 0x0000000786700000, 0x0000000786700000| Untracked 
| 104|0x0000000786800000, 0x0000000786800000, 0x0000000786900000|  0%| F|  |TAMS 0x0000000786800000, 0x0000000786800000| Untracked 
| 105|0x0000000786900000, 0x0000000786900000, 0x0000000786a00000|  0%| F|  |TAMS 0x0000000786900000, 0x0000000786900000| Untracked 
| 106|0x0000000786a00000, 0x0000000786a00000, 0x0000000786b00000|  0%| F|  |TAMS 0x0000000786a00000, 0x0000000786a00000| Untracked 
| 107|0x0000000786b00000, 0x0000000786b00000, 0x0000000786c00000|  0%| F|  |TAMS 0x0000000786b00000, 0x0000000786b00000| Untracked 
| 108|0x0000000786c00000, 0x0000000786c00000, 0x0000000786d00000|  0%| F|  |TAMS 0x0000000786c00000, 0x0000000786c00000| Untracked 
| 109|0x0000000786d00000, 0x0000000786d00000, 0x0000000786e00000|  0%| F|  |TAMS 0x0000000786d00000, 0x0000000786d00000| Untracked 
| 110|0x0000000786e00000, 0x0000000786e00000, 0x0000000786f00000|  0%| F|  |TAMS 0x0000000786e00000, 0x0000000786e00000| Untracked 
| 111|0x0000000786f00000, 0x0000000786f00000, 0x0000000787000000|  0%| F|  |TAMS 0x0000000786f00000, 0x0000000786f00000| Untracked 
| 112|0x0000000787000000, 0x0000000787000000, 0x0000000787100000|  0%| F|  |TAMS 0x0000000787000000, 0x0000000787000000| Untracked 
| 113|0x0000000787100000, 0x0000000787100000, 0x0000000787200000|  0%| F|  |TAMS 0x0000000787100000, 0x0000000787100000| Untracked 
| 114|0x0000000787200000, 0x0000000787200000, 0x0000000787300000|  0%| F|  |TAMS 0x0000000787200000, 0x0000000787200000| Untracked 
| 115|0x0000000787300000, 0x0000000787300000, 0x0000000787400000|  0%| F|  |TAMS 0x0000000787300000, 0x0000000787300000| Untracked 
| 116|0x0000000787400000, 0x0000000787400000, 0x0000000787500000|  0%| F|  |TAMS 0x0000000787400000, 0x0000000787400000| Untracked 
| 117|0x0000000787500000, 0x0000000787500000, 0x0000000787600000|  0%| F|  |TAMS 0x0000000787500000, 0x0000000787500000| Untracked 
| 118|0x0000000787600000, 0x0000000787600000, 0x0000000787700000|  0%| F|  |TAMS 0x0000000787600000, 0x0000000787600000| Untracked 
| 119|0x0000000787700000, 0x0000000787700000, 0x0000000787800000|  0%| F|  |TAMS 0x0000000787700000, 0x0000000787700000| Untracked 
| 120|0x0000000787800000, 0x0000000787800000, 0x0000000787900000|  0%| F|  |TAMS 0x0000000787800000, 0x0000000787800000| Untracked 
| 121|0x0000000787900000, 0x0000000787900000, 0x0000000787a00000|  0%| F|  |TAMS 0x0000000787900000, 0x0000000787900000| Untracked 
| 122|0x0000000787a00000, 0x0000000787a00000, 0x0000000787b00000|  0%| F|  |TAMS 0x0000000787a00000, 0x0000000787a00000| Untracked 
| 123|0x0000000787b00000, 0x0000000787bd99a0, 0x0000000787c00000| 85%| E|  |TAMS 0x0000000787b00000, 0x0000000787b00000| Complete 
| 124|0x0000000787c00000, 0x0000000787d00000, 0x0000000787d00000|100%| E|CS|TAMS 0x0000000787c00000, 0x0000000787c00000| Complete 
| 125|0x0000000787d00000, 0x0000000787e00000, 0x0000000787e00000|100%| E|CS|TAMS 0x0000000787d00000, 0x0000000787d00000| Complete 
| 126|0x0000000787e00000, 0x0000000787f00000, 0x0000000787f00000|100%| E|CS|TAMS 0x0000000787e00000, 0x0000000787e00000| Complete 
| 127|0x0000000787f00000, 0x0000000788000000, 0x0000000788000000|100%| E|CS|TAMS 0x0000000787f00000, 0x0000000787f00000| Complete 
|1022|0x00000007bfe00000, 0x00000007bfe47000, 0x00000007bff00000| 27%|OA|  |TAMS 0x00000007bfe00000, 0x00000007bfe00000| Untracked 
|1023|0x00000007bff00000, 0x00000007bff77000, 0x00000007c0000000| 46%|CA|  |TAMS 0x00000007bff00000, 0x00000007bff00000| Untracked 

Card table byte_map: [0x000000011d285000,0x000000011d685000] _byte_map_base: 0x0000000119685000

Marking Bits (Prev, Next): (CMBitMap*) 0x00007fc444803018, (CMBitMap*) 0x00007fc444803058
 Prev Bits: [0x000000011da85000, 0x000000011fa85000)
 Next Bits: [0x000000011fa85000, 0x0000000121a85000)

Polling page: 0x0000000103a7c000

Metaspace:

Usage:
  Non-class:      4.62 MB capacity,     2.53 MB ( 55%) used,     2.08 MB ( 45%) free+waste,     6.81 KB ( <1%) overhead. 
      Class:    515.00 KB capacity,   285.00 KB ( 55%) used,   225.94 KB ( 44%) free+waste,     4.06 KB ( <1%) overhead. 
       Both:      5.12 MB capacity,     2.80 MB ( 55%) used,     2.30 MB ( 45%) free+waste,    10.88 KB ( <1%) overhead. 

Virtual space:
  Non-class space:        8.00 MB reserved,       4.75 MB ( 59%) committed 
      Class space:        1.00 GB reserved,     640.00 KB ( <1%) committed 
             Both:        1.01 GB reserved,       5.38 MB ( <1%) committed 

Chunk freelists:
   Non-Class:  54.00 KB
       Class:  0 bytes
        Both:  54.00 KB

MaxMetaspaceSize: unlimited
CompressedClassSpaceSize: 1.00 GB

CodeHeap 'non-profiled nmethods': size=120032Kb used=158Kb max_used=158Kb free=119873Kb
 bounds [0x000000011574d000, 0x00000001159bd000, 0x000000011cc85000]
CodeHeap 'profiled nmethods': size=120032Kb used=732Kb max_used=732Kb free=119299Kb
 bounds [0x000000010e215000, 0x000000010e485000, 0x000000011574d000]
CodeHeap 'non-nmethods': size=5696Kb used=1152Kb max_used=1156Kb free=4543Kb
 bounds [0x000000010dc85000, 0x000000010def5000, 0x000000010e215000]
 total_blobs=1008 nmethods=511 adapters=311
 compilation: enabled
              stopped_count=0, restarted_count=0
 full_count=0

Compilation events (20 events):
Event: 0.786 Thread 0x00007fc44582f800  501       3       java.lang.reflect.AccessibleObject::<init> (5 bytes)
Event: 0.786 Thread 0x00007fc44582f800 nmethod 501 0x000000010e2c9b10 code [0x000000010e2c9ca0, 0x000000010e2c9e70]
Event: 0.786 Thread 0x00007fc44582f800  503       1       java.lang.reflect.Field::getModifiers (5 bytes)
Event: 0.786 Thread 0x00007fc44582f800 nmethod 503 0x0000000115774210 code [0x00000001157743a0, 0x00000001157744d0]
Event: 0.786 Thread 0x00007fc44582f800  504       3       java.lang.reflect.Modifier::isFinal (13 bytes)
Event: 0.786 Thread 0x00007fc44582f800 nmethod 504 0x000000010e2c9f10 code [0x000000010e2ca0a0, 0x000000010e2ca230]
Event: 0.787 Thread 0x00007fc44582f800  505       1       java.lang.reflect.Field::getType (5 bytes)
Event: 0.787 Thread 0x00007fc44582f800 nmethod 505 0x0000000115774510 code [0x00000001157746a0, 0x00000001157747d0]
Event: 0.787 Thread 0x00007fc44582f800  506       3       java.lang.Integer::valueOf (32 bytes)
Event: 0.787 Thread 0x00007fc44582f800 nmethod 506 0x000000010e2ca290 code [0x000000010e2ca440, 0x000000010e2ca7b0]
Event: 0.788 Thread 0x00007fc44582f800  507       3       java.lang.String::substring (68 bytes)
Event: 0.788 Thread 0x00007fc44582f800 nmethod 507 0x000000010e2ca910 code [0x000000010e2cab40, 0x000000010e2cb318]
Event: 0.788 Thread 0x00007fc44582f800  508       3       java.lang.reflect.Modifier::isPublic (12 bytes)
Event: 0.788 Thread 0x00007fc44582f800 nmethod 508 0x000000010e2cb590 code [0x000000010e2cb720, 0x000000010e2cb8b0]
Event: 0.788 Thread 0x00007fc44582f800  509       1       java.lang.reflect.Field::getRoot (5 bytes)
Event: 0.788 Thread 0x00007fc44582f800 nmethod 509 0x0000000115774810 code [0x00000001157749a0, 0x0000000115774ad0]
Event: 0.790 Thread 0x00007fc44582f800  510       3       java.nio.Buffer::remaining (10 bytes)
Event: 0.790 Thread 0x00007fc44582f800 nmethod 510 0x000000010e2cb910 code [0x000000010e2cbaa0, 0x000000010e2cbc10]
Event: 0.792 Thread 0x00007fc44582f800  511       3       java.lang.ref.SoftReference::get (29 bytes)
Event: 0.793 Thread 0x00007fc44582f800 nmethod 511 0x000000010e2cbc90 code [0x000000010e2cbe40, 0x000000010e2cc090]

GC Heap History (0 events):
No events

Deoptimization events (0 events):
No events

Classes unloaded (0 events):
No events

Classes redefined (0 events):
No events

Internal exceptions (5 events):
Event: 0.249 Thread 0x00007fc445013000 Exception <a 'java/lang/ClassNotFoundException'{0x0000000787d9ccc0}: sun/awt/resources/spi/awtProvider> (0x0000000787d9ccc0) 
thrown [/scratch/mesos/slaves/fcf4c0c4-d73e-4321-860c-6613427db92b-S2452/frameworks/1735e8a2-a1db-478c-8104-60c8b0af87dd-0196/executors/ab12d1f8-defd-4a26-b83a-82b67c14bc8d/runs/ad8904cf-d9a8-428f-8f86-4d88be7b86bd/workspace/open/src/hotspot/share/classfile/systemDictionary.cpp, line 232]
Event: 0.312 Thread 0x00007fc445013000 Exception <a 'java/io/FileNotFoundException'{0x0000000787de9a70}> (0x0000000787de9a70) 
thrown [/scratch/mesos/slaves/fcf4c0c4-d73e-4321-860c-6613427db92b-S2452/frameworks/1735e8a2-a1db-478c-8104-60c8b0af87dd-0196/executors/ab12d1f8-defd-4a26-b83a-82b67c14bc8d/runs/ad8904cf-d9a8-428f-8f86-4d88be7b86bd/workspace/open/src/hotspot/share/prims/jni.cpp, line 598]
Event: 0.320 Thread 0x00007fc445013000 Exception <a 'java/io/FileNotFoundException'{0x0000000787c104b8}> (0x0000000787c104b8) 
thrown [/scratch/mesos/slaves/fcf4c0c4-d73e-4321-860c-6613427db92b-S2452/frameworks/1735e8a2-a1db-478c-8104-60c8b0af87dd-0196/executors/ab12d1f8-defd-4a26-b83a-82b67c14bc8d/runs/ad8904cf-d9a8-428f-8f86-4d88be7b86bd/workspace/open/src/hotspot/share/prims/jni.cpp, line 598]
Event: 0.330 Thread 0x00007fc445013000 Exception <a 'java/lang/ClassNotFoundException'{0x0000000787c13e98}: sun/awt/resources/spi/awtosxProvider> (0x0000000787c13e98) 
thrown [/scratch/mesos/slaves/fcf4c0c4-d73e-4321-860c-6613427db92b-S2452/frameworks/1735e8a2-a1db-478c-8104-60c8b0af87dd-0196/executors/ab12d1f8-defd-4a26-b83a-82b67c14bc8d/runs/ad8904cf-d9a8-428f-8f86-4d88be7b86bd/workspace/open/src/hotspot/share/classfile/systemDictionary.cpp, line 232]
Event: 0.656 Thread 0x00007fc445013000 Exception <a 'java/io/FileNotFoundException'{0x0000000787cbf130}> (0x0000000787cbf130) 
thrown [/scratch/mesos/slaves/fcf4c0c4-d73e-4321-860c-6613427db92b-S2452/frameworks/1735e8a2-a1db-478c-8104-60c8b0af87dd-0196/executors/ab12d1f8-defd-4a26-b83a-82b67c14bc8d/runs/ad8904cf-d9a8-428f-8f86-4d88be7b86bd/workspace/open/src/hotspot/share/prims/jni.cpp, line 598]

Events (20 events):
Event: 0.785 loading class java/util/LinkedHashMap$LinkedKeyIterator
Event: 0.785 loading class java/util/LinkedHashMap$LinkedKeyIterator done
Event: 0.785 loading class jdk/internal/reflect/UnsafeQualifiedStaticIntegerFieldAccessorImpl
Event: 0.785 loading class jdk/internal/reflect/UnsafeQualifiedStaticIntegerFieldAccessorImpl done
Event: 0.788 loading class org/lwjgl/input/Keyboard$KeyEvent
Event: 0.788 loading class org/lwjgl/input/Keyboard$KeyEvent done
Event: 0.788 loading class org/lwjgl/opengl/MacOSXNativeKeyboard
Event: 0.788 loading class org/lwjgl/opengl/MacOSXNativeKeyboard done
Event: 0.790 loading class org/lwjgl/opengl/ContextGL
Event: 0.790 loading class org/lwjgl/opengl/ContextGL done
Event: 0.791 loading class org/lwjgl/opengl/ContextImplementation
Event: 0.791 loading class org/lwjgl/opengl/ContextImplementation done
Event: 0.791 loading class org/lwjgl/opengl/MacOSXContextImplementation
Event: 0.791 loading class org/lwjgl/opengl/MacOSXContextImplementation done
Event: 0.792 loading class org/lwjgl/opengl/GLContext
Event: 0.792 loading class org/lwjgl/opengl/GLContext done
Event: 0.793 loading class java/lang/NumberFormatException
Event: 0.793 loading class java/lang/NumberFormatException done
Event: 0.793 loading class org/lwjgl/opengl/GLContext$CapabilitiesCacheEntry
Event: 0.793 loading class org/lwjgl/opengl/GLContext$CapabilitiesCacheEntry done


Dynamic libraries:
0x00007fff6c898000 	/usr/lib/libz.1.dylib
0x0000000103a17000 	/Library/Java/JavaVirtualMachines/jdk-13.0.1.jdk/Contents/Home/lib/libjli.dylib
0x00007fff35080000 	/System/Library/Frameworks/Cocoa.framework/Versions/A/Cocoa
0x00007fff4264c000 	/System/Library/Frameworks/Security.framework/Versions/A/Security
0x00007fff3400b000 	/System/Library/Frameworks/ApplicationServices.framework/Versions/A/ApplicationServices
0x00007fff6a36b000 	/usr/lib/libSystem.B.dylib
0x00007fff6d30e000 	/usr/lib/system/libcache.dylib
0x00007fff6d314000 	/usr/lib/system/libcommonCrypto.dylib
0x00007fff6d320000 	/usr/lib/system/libcompiler_rt.dylib
0x00007fff6d328000 	/usr/lib/system/libcopyfile.dylib
0x00007fff6d332000 	/usr/lib/system/libcorecrypto.dylib
0x00007fff6d4e0000 	/usr/lib/system/libdispatch.dylib
0x00007fff6d522000 	/usr/lib/system/libdyld.dylib
0x00007fff6d558000 	/usr/lib/system/libkeymgr.dylib
0x00007fff6d566000 	/usr/lib/system/liblaunch.dylib
0x00007fff6d567000 	/usr/lib/system/libmacho.dylib
0x00007fff6d56d000 	/usr/lib/system/libquarantine.dylib
0x00007fff6d570000 	/usr/lib/system/libremovefile.dylib
0x00007fff6d572000 	/usr/lib/system/libsystem_asl.dylib
0x00007fff6d58a000 	/usr/lib/system/libsystem_blocks.dylib
0x00007fff6d58b000 	/usr/lib/system/libsystem_c.dylib
0x00007fff6d613000 	/usr/lib/system/libsystem_configuration.dylib
0x00007fff6d617000 	/usr/lib/system/libsystem_coreservices.dylib
0x00007fff6d61b000 	/usr/lib/system/libsystem_darwin.dylib
0x00007fff6d624000 	/usr/lib/system/libsystem_dnssd.dylib
0x00007fff6d62c000 	/usr/lib/system/libsystem_featureflags.dylib
0x00007fff6d62e000 	/usr/lib/system/libsystem_info.dylib
0x00007fff6d6a9000 	/usr/lib/system/libsystem_m.dylib
0x00007fff6d6f1000 	/usr/lib/system/libsystem_malloc.dylib
0x00007fff6d719000 	/usr/lib/system/libsystem_networkextension.dylib
0x00007fff6d727000 	/usr/lib/system/libsystem_notify.dylib
0x00007fff6d746000 	/usr/lib/system/libsystem_sandbox.dylib
0x00007fff6d74b000 	/usr/lib/system/libsystem_secinit.dylib
0x00007fff6d67c000 	/usr/lib/system/libsystem_kernel.dylib
0x00007fff6d731000 	/usr/lib/system/libsystem_platform.dylib
0x00007fff6d73b000 	/usr/lib/system/libsystem_pthread.dylib
0x00007fff6d74e000 	/usr/lib/system/libsystem_symptoms.dylib
0x00007fff6d756000 	/usr/lib/system/libsystem_trace.dylib
0x00007fff6d76e000 	/usr/lib/system/libunwind.dylib
0x00007fff6d774000 	/usr/lib/system/libxpc.dylib
0x00007fff6c1bc000 	/usr/lib/libobjc.A.dylib
0x00007fff6a6a5000 	/usr/lib/libc++abi.dylib
0x00007fff6a651000 	/usr/lib/libc++.1.dylib
0x00007fff35ff6000 	/System/Library/Frameworks/CoreFoundation.framework/Versions/A/CoreFoundation
0x00007fff386bb000 	/System/Library/Frameworks/Foundation.framework/Versions/C/Foundation
0x00007fff33200000 	/System/Library/Frameworks/AppKit.framework/Versions/C/AppKit
0x00007fff35b03000 	/System/Library/Frameworks/CoreData.framework/Versions/A/CoreData
0x00007fff66c16000 	/System/Library/PrivateFrameworks/UIFoundation.framework/Versions/A/UIFoundation
0x00007fff61401000 	/System/Library/PrivateFrameworks/RemoteViewServices.framework/Versions/A/RemoteViewServices
0x00007fff696a6000 	/System/Library/PrivateFrameworks/XCTTargetBootstrap.framework/Versions/A/XCTTargetBootstrap
0x00007fff35ee6000 	/System/Library/Frameworks/CoreDisplay.framework/Versions/A/CoreDisplay
0x00007fff3b433000 	/System/Library/Frameworks/Metal.framework/Versions/A/Metal
0x00007fff4f838000 	/System/Library/PrivateFrameworks/DesktopServicesPriv.framework/Versions/A/DesktopServicesPriv
0x00007fff6b4a1000 	/usr/lib/liblangid.dylib
0x00007fff4e98f000 	/System/Library/PrivateFrameworks/CoreSVG.framework/Versions/A/CoreSVG
0x00007fff641c3000 	/System/Library/PrivateFrameworks/SkyLight.framework/Versions/A/SkyLight
0x00007fff36478000 	/System/Library/Frameworks/CoreGraphics.framework/Versions/A/CoreGraphics
0x00007fff31d9f000 	/System/Library/Frameworks/Accelerate.framework/Versions/A/Accelerate
0x00007fff6c789000 	/usr/lib/libxml2.2.dylib
0x00007fff5a540000 	/System/Library/PrivateFrameworks/IconServices.framework/Versions/A/IconServices
0x00007fff38e9f000 	/System/Library/Frameworks/IOSurface.framework/Versions/A/IOSurface
0x00007fff69ea3000 	/usr/lib/libDiagnosticMessagesClient.dylib
0x00007fff4f6b1000 	/System/Library/PrivateFrameworks/DFRFoundation.framework/Versions/A/DFRFoundation
0x00007fff6b22f000 	/usr/lib/libicucore.A.dylib
0x00007fff3433d000 	/System/Library/Frameworks/AudioToolbox.framework/Versions/A/AudioToolbox
0x00007fff3441f000 	/System/Library/Frameworks/AudioUnit.framework/Versions/A/AudioUnit
0x00007fff6a56c000 	/usr/lib/libauto.dylib
0x00007fff4f732000 	/System/Library/PrivateFrameworks/DataDetectorsCore.framework/Versions/A/DataDetectorsCore
0x00007fff34ba0000 	/System/Library/Frameworks/Carbon.framework/Versions/A/Frameworks/HIToolbox.framework/Versions/A/HIToolbox
0x00007fff4187e000 	/System/Library/Frameworks/QuartzCore.framework/Versions/A/QuartzCore
0x00007fff34edf000 	/System/Library/Frameworks/Carbon.framework/Versions/A/Frameworks/SpeechRecognition.framework/Versions/A/SpeechRecognition
0x00007fff4f037000 	/System/Library/PrivateFrameworks/CoreUI.framework/Versions/A/CoreUI
0x00007fff35569000 	/System/Library/Frameworks/CoreAudio.framework/Versions/A/CoreAudio
0x00007fff38383000 	/System/Library/Frameworks/DiskArbitration.framework/Versions/A/DiskArbitration
0x00007fff5c554000 	/System/Library/PrivateFrameworks/MultitouchSupport.framework/Versions/A/MultitouchSupport
0x00007fff6b0f5000 	/usr/lib/libenergytrace.dylib
0x00007fff38dfa000 	/System/Library/Frameworks/IOKit.framework/Versions/A/IOKit
0x00007fff373e6000 	/System/Library/Frameworks/CoreServices.framework/Versions/A/CoreServices
0x00007fff5e65e000 	/System/Library/PrivateFrameworks/PerformanceAnalysis.framework/Versions/A/PerformanceAnalysis
0x00007fff408b4000 	/System/Library/Frameworks/OpenGL.framework/Versions/A/OpenGL
0x00007fff3508e000 	/System/Library/Frameworks/ColorSync.framework/Versions/A/ColorSync
0x00007fff36aff000 	/System/Library/Frameworks/CoreImage.framework/Versions/A/CoreImage
0x00007fff37e5c000 	/System/Library/Frameworks/CoreText.framework/Versions/A/CoreText
0x00007fff38f25000 	/System/Library/Frameworks/ImageIO.framework/Versions/A/ImageIO
0x00007fff6a6cd000 	/usr/lib/libcompression.dylib
0x00007fff6a1e5000 	/usr/lib/libMobileGestalt.dylib
0x00007fff65cf8000 	/System/Library/PrivateFrameworks/TextureIO.framework/Versions/A/TextureIO
0x00007fff6a4d2000 	/usr/lib/libate.dylib
0x00007fff5a749000 	/System/Library/PrivateFrameworks/InternationalSupport.framework/Versions/A/InternationalSupport
0x00007fff6b4a3000 	/usr/lib/liblzma.5.dylib
0x00007fff6b11d000 	/usr/lib/libfakelink.dylib
0x00007fff6a45f000 	/usr/lib/libarchive.2.dylib
0x00007fff437ec000 	/System/Library/Frameworks/SystemConfiguration.framework/Versions/A/SystemConfiguration
0x00007fff69dd4000 	/usr/lib/libCRFSuite.dylib
0x00007fff34795000 	/System/Library/Frameworks/CFNetwork.framework/Versions/A/CFNetwork
0x00007fff6a633000 	/usr/lib/libbsm.0.dylib
0x00007fff6d559000 	/usr/lib/system/libkxld.dylib
0x00007fff49173000 	/System/Library/PrivateFrameworks/AppleFSCompression.framework/Versions/A/AppleFSCompression
0x00007fff6a9b4000 	/usr/lib/libcoretls.dylib
0x00007fff6a9cb000 	/usr/lib/libcoretls_cfhelpers.dylib
0x00007fff6c200000 	/usr/lib/libpam.2.dylib
0x00007fff6c333000 	/usr/lib/libsqlite3.dylib
0x00007fff6c776000 	/usr/lib/libxar.1.dylib
0x00007fff6a644000 	/usr/lib/libbz2.1.0.dylib
0x00007fff6b13e000 	/usr/lib/libiconv.2.dylib
0x00007fff6a6ba000 	/usr/lib/libcharset.1.dylib
0x00007fff6bca7000 	/usr/lib/libnetwork.dylib
0x00007fff6c207000 	/usr/lib/libpcap.A.dylib
0x00007fff6a414000 	/usr/lib/libapple_nghttp2.dylib
0x00007fff3779d000 	/System/Library/Frameworks/CoreServices.framework/Versions/A/Frameworks/FSEvents.framework/Versions/A/FSEvents
0x00007fff3746d000 	/System/Library/Frameworks/CoreServices.framework/Versions/A/Frameworks/CarbonCore.framework/Versions/A/CarbonCore
0x00007fff379e0000 	/System/Library/Frameworks/CoreServices.framework/Versions/A/Frameworks/Metadata.framework/Versions/A/Metadata
0x00007fff37a79000 	/System/Library/Frameworks/CoreServices.framework/Versions/A/Frameworks/OSServices.framework/Versions/A/OSServices
0x00007fff37aa7000 	/System/Library/Frameworks/CoreServices.framework/Versions/A/Frameworks/SearchKit.framework/Versions/A/SearchKit
0x00007fff373e7000 	/System/Library/Frameworks/CoreServices.framework/Versions/A/Frameworks/AE.framework/Versions/A/AE
0x00007fff377a6000 	/System/Library/Frameworks/CoreServices.framework/Versions/A/Frameworks/LaunchServices.framework/Versions/A/LaunchServices
0x00007fff3774f000 	/System/Library/Frameworks/CoreServices.framework/Versions/A/Frameworks/DictionaryServices.framework/Versions/A/DictionaryServices
0x00007fff37b0f000 	/System/Library/Frameworks/CoreServices.framework/Versions/A/Frameworks/SharedFileList.framework/Versions/A/SharedFileList
0x00007fff3c708000 	/System/Library/Frameworks/NetFS.framework/Versions/A/NetFS
0x00007fff5ca81000 	/System/Library/PrivateFrameworks/NetAuth.framework/Versions/A/NetAuth
0x00007fff69a71000 	/System/Library/PrivateFrameworks/login.framework/Versions/A/Frameworks/loginsupport.framework/Versions/A/loginsupport
0x00007fff657f3000 	/System/Library/PrivateFrameworks/TCC.framework/Versions/A/TCC
0x00007fff4dd5e000 	/System/Library/PrivateFrameworks/CoreNLP.framework/Versions/A/CoreNLP
0x00007fff5bf84000 	/System/Library/PrivateFrameworks/MetadataUtilities.framework/Versions/A/MetadataUtilities
0x00007fff6b57b000 	/usr/lib/libmecabra.dylib
0x00007fff6b4d3000 	/usr/lib/libmecab.dylib
0x00007fff6b12e000 	/usr/lib/libgermantok.dylib
0x00007fff6a3fb000 	/usr/lib/libThaiTokenizer.dylib
0x00007fff69e0c000 	/usr/lib/libChineseTokenizer.dylib
0x00007fff31db7000 	/System/Library/Frameworks/Accelerate.framework/Versions/A/Frameworks/vImage.framework/Versions/A/vImage
0x00007fff3305a000 	/System/Library/Frameworks/Accelerate.framework/Versions/A/Frameworks/vecLib.framework/Versions/A/vecLib
0x00007fff32f9e000 	/System/Library/Frameworks/Accelerate.framework/Versions/A/Frameworks/vecLib.framework/Versions/A/libvMisc.dylib
0x00007fff32dc4000 	/System/Library/Frameworks/Accelerate.framework/Versions/A/Frameworks/vecLib.framework/Versions/A/libvDSP.dylib
0x00007fff32423000 	/System/Library/Frameworks/Accelerate.framework/Versions/A/Frameworks/vecLib.framework/Versions/A/libBLAS.dylib
0x00007fff3297e000 	/System/Library/Frameworks/Accelerate.framework/Versions/A/Frameworks/vecLib.framework/Versions/A/libLAPACK.dylib
0x00007fff32d24000 	/System/Library/Frameworks/Accelerate.framework/Versions/A/Frameworks/vecLib.framework/Versions/A/libLinearAlgebra.dylib
0x00007fff32db1000 	/System/Library/Frameworks/Accelerate.framework/Versions/A/Frameworks/vecLib.framework/Versions/A/libSparseBLAS.dylib
0x00007fff32d3a000 	/System/Library/Frameworks/Accelerate.framework/Versions/A/Frameworks/vecLib.framework/Versions/A/libQuadrature.dylib
0x00007fff3268d000 	/System/Library/Frameworks/Accelerate.framework/Versions/A/Frameworks/vecLib.framework/Versions/A/libBNNS.dylib
0x00007fff32d40000 	/System/Library/Frameworks/Accelerate.framework/Versions/A/Frameworks/vecLib.framework/Versions/A/libSparse.dylib
0x00007fff5ab08000 	/System/Library/PrivateFrameworks/LanguageModeling.framework/Versions/A/LanguageModeling
0x00007fff4d6fa000 	/System/Library/PrivateFrameworks/CoreEmoji.framework/Versions/A/CoreEmoji
0x00007fff5ac26000 	/System/Library/PrivateFrameworks/LinguisticData.framework/Versions/A/LinguisticData
0x00007fff5abd7000 	/System/Library/PrivateFrameworks/Lexicon.framework/Versions/A/Lexicon
0x00007fff6a6bb000 	/usr/lib/libcmph.dylib
0x00007fff3f2da000 	/System/Library/Frameworks/OpenDirectory.framework/Versions/A/Frameworks/CFOpenDirectory.framework/Versions/A/CFOpenDirectory
0x00007fff3f2f7000 	/System/Library/Frameworks/OpenDirectory.framework/Versions/A/OpenDirectory
0x00007fff475c5000 	/System/Library/PrivateFrameworks/APFS.framework/Versions/A/APFS
0x00007fff4299f000 	/System/Library/Frameworks/SecurityFoundation.framework/Versions/A/SecurityFoundation
0x00007fff6c772000 	/usr/lib/libutil.dylib
0x00007fff4e9e7000 	/System/Library/PrivateFrameworks/CoreServicesStore.framework/Versions/A/CoreServicesStore
0x00007fff42a57000 	/System/Library/Frameworks/ServiceManagement.framework/Versions/A/ServiceManagement
0x00007fff4a92a000 	/System/Library/PrivateFrameworks/BackgroundTaskManagement.framework/Versions/A/BackgroundTaskManagement
0x00007fff6c86f000 	/usr/lib/libxslt.1.dylib
0x00007fff497d8000 	/System/Library/PrivateFrameworks/AppleSystemInfo.framework/Versions/A/AppleSystemInfo
0x00007fff39142000 	/System/Library/Frameworks/ImageIO.framework/Versions/A/Resources/libJPEG.dylib
0x00007fff39401000 	/System/Library/Frameworks/ImageIO.framework/Versions/A/Resources/libTIFF.dylib
0x00007fff393e4000 	/System/Library/Frameworks/ImageIO.framework/Versions/A/Resources/libPng.dylib
0x00007fff39083000 	/System/Library/Frameworks/ImageIO.framework/Versions/A/Resources/libGIF.dylib
0x00007fff39087000 	/System/Library/Frameworks/ImageIO.framework/Versions/A/Resources/libJP2.dylib
0x00007fff393ff000 	/System/Library/Frameworks/ImageIO.framework/Versions/A/Resources/libRadiance.dylib
0x00007fff6b0f6000 	/usr/lib/libexpat.1.dylib
0x00007fff492ce000 	/System/Library/PrivateFrameworks/AppleJPEG.framework/Versions/A/AppleJPEG
0x00007fff51c3e000 	/System/Library/PrivateFrameworks/FontServices.framework/libFontParser.dylib
0x00007fff68ac8000 	/System/Library/PrivateFrameworks/WatchdogClient.framework/Versions/A/WatchdogClient
0x00007fff5a195000 	/System/Library/PrivateFrameworks/IOAccelerator.framework/Versions/A/IOAccelerator
0x00007fff3b7c1000 	/System/Library/Frameworks/MetalPerformanceShaders.framework/Versions/A/MetalPerformanceShaders
0x00007fff5698c000 	/System/Library/PrivateFrameworks/GPUWrangler.framework/Versions/A/GPUWrangler
0x00007fff5a1a0000 	/System/Library/PrivateFrameworks/IOPresentment.framework/Versions/A/IOPresentment
0x00007fff4f6c4000 	/System/Library/PrivateFrameworks/DSExternalDisplay.framework/Versions/A/DSExternalDisplay
0x00007fff3fc60000 	/System/Library/Frameworks/OpenGL.framework/Versions/A/Libraries/libCoreFSCache.dylib
0x00007fff3b513000 	/System/Library/Frameworks/MetalPerformanceShaders.framework/Frameworks/MPSCore.framework/Versions/A/MPSCore
0x00007fff3b550000 	/System/Library/Frameworks/MetalPerformanceShaders.framework/Frameworks/MPSImage.framework/Versions/A/MPSImage
0x00007fff3b612000 	/System/Library/Frameworks/MetalPerformanceShaders.framework/Frameworks/MPSNeuralNetwork.framework/Versions/A/MPSNeuralNetwork
0x00007fff3b5d7000 	/System/Library/Frameworks/MetalPerformanceShaders.framework/Frameworks/MPSMatrix.framework/Versions/A/MPSMatrix
0x00007fff3b772000 	/System/Library/Frameworks/MetalPerformanceShaders.framework/Frameworks/MPSRayIntersector.framework/Versions/A/MPSRayIntersector
0x00007fff3b5fc000 	/System/Library/Frameworks/MetalPerformanceShaders.framework/Frameworks/MPSNDArray.framework/Versions/A/MPSNDArray
0x00007fff5bfd1000 	/System/Library/PrivateFrameworks/MetalTools.framework/Versions/A/MetalTools
0x00007fff4877c000 	/System/Library/PrivateFrameworks/AggregateDictionary.framework/Versions/A/AggregateDictionary
0x00007fff4d184000 	/System/Library/PrivateFrameworks/CoreAnalytics.framework/Versions/A/CoreAnalytics
0x00007fff496f6000 	/System/Library/PrivateFrameworks/AppleSauce.framework/Versions/A/AppleSauce
0x00007fff6a0c8000 	/usr/lib/libIOReport.dylib
0x00007fff38011000 	/System/Library/Frameworks/CoreVideo.framework/Versions/A/CoreVideo
0x00007fff57df8000 	/System/Library/PrivateFrameworks/GraphVisualizer.framework/Versions/A/GraphVisualizer
0x00007fff511bf000 	/System/Library/PrivateFrameworks/FaceCore.framework/Versions/A/FaceCore
0x00007fff3f281000 	/System/Library/Frameworks/OpenCL.framework/Versions/A/OpenCL
0x00007fff69eea000 	/usr/lib/libFosl_dynamic.dylib
0x00007fff5d47c000 	/System/Library/PrivateFrameworks/OTSVG.framework/Versions/A/OTSVG
0x00007fff34110000 	/System/Library/Frameworks/ApplicationServices.framework/Versions/A/Frameworks/ATS.framework/Versions/A/Resources/libFontRegistry.dylib
0x00007fff51e0f000 	/System/Library/PrivateFrameworks/FontServices.framework/libhvf.dylib
0x00007fff3fc6b000 	/System/Library/Frameworks/OpenGL.framework/Versions/A/Libraries/libGFXShared.dylib
0x00007fff3fe48000 	/System/Library/Frameworks/OpenGL.framework/Versions/A/Libraries/libGLU.dylib
0x00007fff3fc74000 	/System/Library/Frameworks/OpenGL.framework/Versions/A/Libraries/libGL.dylib
0x00007fff3fc7f000 	/System/Library/Frameworks/OpenGL.framework/Versions/A/Libraries/libGLImage.dylib
0x00007fff3fc5d000 	/System/Library/Frameworks/OpenGL.framework/Versions/A/Libraries/libCVMSPluginSupport.dylib
0x00007fff3fc66000 	/System/Library/Frameworks/OpenGL.framework/Versions/A/Libraries/libCoreVMClient.dylib
0x00007fff6bb49000 	/usr/lib/libncurses.5.4.dylib
0x00007fff3400c000 	/System/Library/Frameworks/ApplicationServices.framework/Versions/A/Frameworks/ATS.framework/Versions/A/ATS
0x00007fff341d9000 	/System/Library/Frameworks/ApplicationServices.framework/Versions/A/Frameworks/ColorSyncLegacy.framework/Versions/A/ColorSyncLegacy
0x00007fff34278000 	/System/Library/Frameworks/ApplicationServices.framework/Versions/A/Frameworks/HIServices.framework/Versions/A/HIServices
0x00007fff342cf000 	/System/Library/Frameworks/ApplicationServices.framework/Versions/A/Frameworks/LangAnalysis.framework/Versions/A/LangAnalysis
0x00007fff342de000 	/System/Library/Frameworks/ApplicationServices.framework/Versions/A/Frameworks/PrintCore.framework/Versions/A/PrintCore
0x00007fff34324000 	/System/Library/Frameworks/ApplicationServices.framework/Versions/A/Frameworks/QD.framework/Versions/A/QD
0x00007fff3432f000 	/System/Library/Frameworks/ApplicationServices.framework/Versions/A/Frameworks/SpeechSynthesis.framework/Versions/A/SpeechSynthesis
0x00007fff341a9000 	/System/Library/Frameworks/ApplicationServices.framework/Versions/A/Frameworks/ATSUI.framework/Versions/A/ATSUI
0x00007fff6af8a000 	/usr/lib/libcups.2.dylib
0x00007fff3a870000 	/System/Library/Frameworks/Kerberos.framework/Versions/A/Kerberos
0x00007fff38af0000 	/System/Library/Frameworks/GSS.framework/Versions/A/GSS
0x00007fff6c2bf000 	/usr/lib/libresolv.9.dylib
0x00007fff57f99000 	/System/Library/PrivateFrameworks/Heimdal.framework/Versions/A/Heimdal
0x00007fff3a883000 	/System/Library/Frameworks/Kerberos.framework/Versions/A/Libraries/libHeimdalProxy.dylib
0x00007fff6b134000 	/usr/lib/libheimdal-asn1.dylib
0x00007fff4c62a000 	/System/Library/PrivateFrameworks/CommonAuth.framework/Versions/A/CommonAuth
0x00007fff49875000 	/System/Library/PrivateFrameworks/AssertionServices.framework/Versions/A/AssertionServices
0x00007fff4a418000 	/System/Library/PrivateFrameworks/AudioToolboxCore.framework/Versions/A/AudioToolboxCore
0x00007fff69722000 	/System/Library/PrivateFrameworks/caulk.framework/Versions/A/caulk
0x00007fff4a9d6000 	/System/Library/PrivateFrameworks/BaseBoard.framework/Versions/A/BaseBoard
0x00007fff61590000 	/System/Library/PrivateFrameworks/RunningBoardServices.framework/Versions/A/RunningBoardServices
0x00007fff5e66a000 	/System/Library/PrivateFrameworks/PersistentConnection.framework/Versions/A/PersistentConnection
0x00007fff60fdf000 	/System/Library/PrivateFrameworks/ProtocolBuffer.framework/Versions/A/ProtocolBuffer
0x00007fff4c64f000 	/System/Library/PrivateFrameworks/CommonUtilities.framework/Versions/A/CommonUtilities
0x00007fff4ab59000 	/System/Library/PrivateFrameworks/Bom.framework/Versions/A/Bom
0x00007fff69d97000 	/usr/lib/libAudioToolboxUtility.dylib
0x00007fff4a934000 	/System/Library/PrivateFrameworks/Backup.framework/Versions/A/Backup
0x00007fff4f434000 	/System/Library/PrivateFrameworks/CrashReporterSupport.framework/Versions/A/CrashReporterSupport
0x00007fff63087000 	/System/Library/PrivateFrameworks/Sharing.framework/Versions/A/Sharing
0x00007fff49019000 	/System/Library/PrivateFrameworks/Apple80211.framework/Versions/A/Apple80211
0x00007fff4a656000 	/System/Library/PrivateFrameworks/AuthKit.framework/Versions/A/AuthKit
0x00007fff4f164000 	/System/Library/PrivateFrameworks/CoreUtils.framework/Versions/A/CoreUtils
0x00007fff38056000 	/System/Library/Frameworks/CoreWLAN.framework/Versions/A/CoreWLAN
0x00007fff38c7b000 	/System/Library/Frameworks/IOBluetooth.framework/Versions/A/IOBluetooth
0x00007fff5c2cf000 	/System/Library/PrivateFrameworks/MobileKeyBag.framework/Versions/A/MobileKeyBag
0x00007fff4e23a000 	/System/Library/PrivateFrameworks/CorePhoneNumbers.framework/Versions/A/CorePhoneNumbers
0x00007fff49281000 	/System/Library/PrivateFrameworks/AppleIDAuthSupport.framework/Versions/A/AppleIDAuthSupport
0x00007fff3c715000 	/System/Library/Frameworks/Network.framework/Versions/A/Network
0x00007fff5a990000 	/System/Library/PrivateFrameworks/KeychainCircle.framework/Versions/A/KeychainCircle
0x00007fff35acb000 	/System/Library/Frameworks/CoreBluetooth.framework/Versions/A/CoreBluetooth
0x00007fff64d03000 	/System/Library/PrivateFrameworks/SpeechRecognitionCore.framework/Versions/A/SpeechRecognitionCore
0x0000000104400000 	/Library/Java/JavaVirtualMachines/jdk-13.0.1.jdk/Contents/Home/lib/server/libjvm.dylib
0x0000000103a34000 	/Library/Java/JavaVirtualMachines/jdk-13.0.1.jdk/Contents/Home/lib/libverify.dylib
0x0000000103a40000 	/Library/Java/JavaVirtualMachines/jdk-13.0.1.jdk/Contents/Home/lib/libjava.dylib
0x0000000103a7e000 	/Library/Java/JavaVirtualMachines/jdk-13.0.1.jdk/Contents/Home/lib/libinstrument.dylib
0x0000000103b01000 	/Library/Java/JavaVirtualMachines/jdk-13.0.1.jdk/Contents/Home/lib/libzip.dylib
0x0000000103b08000 	/Library/Java/JavaVirtualMachines/jdk-13.0.1.jdk/Contents/Home/lib/libjimage.dylib
0x00000001262f3000 	/Library/Java/JavaVirtualMachines/jdk-13.0.1.jdk/Contents/Home/lib/libnio.dylib
0x0000000126301000 	/Library/Java/JavaVirtualMachines/jdk-13.0.1.jdk/Contents/Home/lib/libnet.dylib
0x0000000103bf9000 	/Library/Java/JavaVirtualMachines/jdk-13.0.1.jdk/Contents/Home/lib/libextnet.dylib
0x000000012639c000 	/Library/Java/JavaVirtualMachines/jdk-13.0.1.jdk/Contents/Home/lib/libawt.dylib
0x0000000126432000 	/Library/Java/JavaVirtualMachines/jdk-13.0.1.jdk/Contents/Home/lib/libmlib_image.dylib
0x00007fff3a859000 	/System/Library/Frameworks/JavaVM.framework/Versions/A/Frameworks/JavaNativeFoundation.framework/Versions/A/JavaNativeFoundation
0x00007fff3a862000 	/System/Library/Frameworks/JavaVM.framework/Versions/A/Frameworks/JavaRuntimeSupport.framework/Versions/A/JavaRuntimeSupport
0x00007fff3a86b000 	/System/Library/Frameworks/JavaVM.framework/Versions/A/JavaVM
0x00007fff5a7f3000 	/System/Library/PrivateFrameworks/JavaLaunching.framework/Versions/A/JavaLaunching
0x00007fff34b9b000 	/System/Library/Frameworks/Carbon.framework/Versions/A/Carbon
0x00007fff4ef18000 	/System/Library/PrivateFrameworks/CoreSymbolication.framework/Versions/A/CoreSymbolication
0x00007fff34b9c000 	/System/Library/Frameworks/Carbon.framework/Versions/A/Frameworks/CommonPanels.framework/Versions/A/CommonPanels
0x00007fff34e95000 	/System/Library/Frameworks/Carbon.framework/Versions/A/Frameworks/Help.framework/Versions/A/Help
0x00007fff34e99000 	/System/Library/Frameworks/Carbon.framework/Versions/A/Frameworks/ImageCapture.framework/Versions/A/ImageCapture
0x00007fff34ea0000 	/System/Library/Frameworks/Carbon.framework/Versions/A/Frameworks/OpenScripting.framework/Versions/A/OpenScripting
0x00007fff34e9f000 	/System/Library/Frameworks/Carbon.framework/Versions/A/Frameworks/Ink.framework/Versions/A/Ink
0x00007fff34edb000 	/System/Library/Frameworks/Carbon.framework/Versions/A/Frameworks/Print.framework/Versions/A/Print
0x00007fff34edc000 	/System/Library/Frameworks/Carbon.framework/Versions/A/Frameworks/SecurityHI.framework/Versions/A/SecurityHI
0x00007fff4f7f9000 	/System/Library/PrivateFrameworks/DebugSymbols.framework/Versions/A/DebugSymbols
0x0000000126498000 	/Library/Java/JavaVirtualMachines/jdk-13.0.1.jdk/Contents/Home/lib/libawt_lwawt.dylib
0x0000000126542000 	/Library/Java/JavaVirtualMachines/jdk-13.0.1.jdk/Contents/Home/lib/libosxapp.dylib
0x00007fff3855e000 	/System/Library/Frameworks/ExceptionHandling.framework/Versions/A/ExceptionHandling
0x000000012655d000 	/Library/Java/JavaVirtualMachines/jdk-13.0.1.jdk/Contents/Home/lib/libfontmanager.dylib
0x000000012665b000 	/Library/Java/JavaVirtualMachines/jdk-13.0.1.jdk/Contents/Home/lib/libfreetype.dylib
0x00007fff4e9b3000 	/System/Library/PrivateFrameworks/CoreServicesInternal.framework/Versions/A/CoreServicesInternal
0x00007fff3857d000 	/System/Library/Frameworks/FileProvider.framework/Versions/A/FileProvider
0x00007fff3305b000 	/System/Library/Frameworks/Accounts.framework/Versions/A/Accounts
0x00007fff56cae000 	/System/Library/PrivateFrameworks/GenerationalStorage.framework/Versions/A/GenerationalStorage
0x00007fff65534000 	/System/Library/PrivateFrameworks/SymptomDiagnosticReporter.framework/Versions/A/SymptomDiagnosticReporter
0x00007fff48b0a000 	/System/Library/PrivateFrameworks/AppContainer.framework/Versions/A/AppContainer
0x00007fff6c2d9000 	/usr/lib/libsandbox.1.dylib
0x00007fff67a64000 	/System/Library/PrivateFrameworks/UserManagement.framework/Versions/A/UserManagement
0x00007fff4b71b000 	/System/Library/PrivateFrameworks/ChunkingLibrary.framework/Versions/A/ChunkingLibrary
0x00007fff48b7c000 	/System/Library/PrivateFrameworks/AppSandbox.framework/Versions/A/AppSandbox
0x00007fff62f11000 	/System/Library/PrivateFrameworks/SecCodeWrapper.framework/Versions/A/SecCodeWrapper
0x00007fff6a1ae000 	/usr/lib/libMatch.1.dylib
0x00007fff2a67b000 	/System/Library/CoreServices/RawCamera.bundle/Contents/MacOS/RawCamera
0x00007fff5c0f9000 	/System/Library/PrivateFrameworks/MobileAsset.framework/Versions/A/MobileAsset
0x00007fff653e2000 	/System/Library/PrivateFrameworks/StreamingZip.framework/Versions/A/StreamingZip
0x00007fff3acec000 	/System/Library/Frameworks/MediaToolbox.framework/Versions/A/MediaToolbox
0x00007fff4d133000 	/System/Library/PrivateFrameworks/CoreAVCHD.framework/Versions/A/CoreAVCHD
0x00007fff3ac16000 	/System/Library/Frameworks/MediaAccessibility.framework/Versions/A/MediaAccessibility
0x00007fff5b4c4000 	/System/Library/PrivateFrameworks/Mangrove.framework/Versions/A/Mangrove
0x00007fff37220000 	/System/Library/Frameworks/CoreMedia.framework/Versions/A/CoreMedia
0x00007fff5b730000 	/System/Library/PrivateFrameworks/MediaExperience.framework/Versions/A/MediaExperience
0x00007fff43ad2000 	/System/Library/Frameworks/VideoToolbox.framework/Versions/A/VideoToolbox
0x00007fff4cd5d000 	/System/Library/PrivateFrameworks/CoreAUC.framework/Versions/A/CoreAUC
0x00007fff6c331000 	/usr/lib/libspindump.dylib
0x00007fff49dc3000 	/System/Library/PrivateFrameworks/AudioResourceArbitration.framework/Versions/A/AudioResourceArbitration
0x00007fff497dc000 	/System/Library/PrivateFrameworks/AppleVA.framework/Versions/A/AppleVA
0x00007fff31da0000 	/System/Library/Frameworks/Accelerate.framework/Versions/A/Frameworks/vImage.framework/Versions/A/Libraries/libCGInterfaces.dylib
0x000000012708e000 	/usr/lib/libobjc-trampolines.dylib
0x00007fff51d76000 	/System/Library/PrivateFrameworks/FontServices.framework/libTrueTypeScaler.dylib
0x00007fff2ecc4000 	/System/Library/Extensions/AppleIntelKBLGraphicsMTLDriver.bundle/Contents/MacOS/AppleIntelKBLGraphicsMTLDriver
0x00007fff552e4000 	/System/Library/PrivateFrameworks/GPUCompiler.framework/Versions/3902/Libraries/libmetal_timestamp.dylib
0x00007fff68838000 	/System/Library/PrivateFrameworks/ViewBridge.framework/Versions/A/ViewBridge
0x00000001293a6000 	/Users/AlyssiaPH/Documents/Cours/POO/EstebanChess/lib/liblwjgl.jnilib
0x00000001270d1000 	/Library/Java/JavaVirtualMachines/jdk-13.0.1.jdk/Contents/Home/lib/libjawt.dylib
0x00007fff408c4000 	/System/Library/Frameworks/OpenGL.framework/Versions/A/Resources/GLEngine.bundle/GLEngine
0x00007fff3fcb5000 	/System/Library/Frameworks/OpenGL.framework/Versions/A/Libraries/libGLProgrammability.dylib
0x00007fff2de9b000 	/System/Library/Extensions/AppleIntelKBLGraphicsGLDriver.bundle/Contents/MacOS/AppleIntelKBLGraphicsGLDriver
0x00007fff56980000 	/System/Library/PrivateFrameworks/GPUSupport.framework/Versions/A/Libraries/libGPUSupportMercury.dylib
0x00007fff40a3e000 	/System/Library/Frameworks/OpenGL.framework/Versions/A/Resources/GLRendererFloat.bundle/GLRendererFloat
0x00007fff3f278000 	/System/Library/Frameworks/OpenCL.framework/Versions/A/Libraries/libcldcpuengine.dylib
0x00007fff6ab6f000 	/usr/lib/libcrypto.35.dylib
0x00007fff65f3c000 	/System/Library/PrivateFrameworks/TrustEvaluationAgent.framework/Versions/A/TrustEvaluationAgent
0x00007fff69a74000 	/System/Library/PrivateFrameworks/login.framework/Versions/A/login


VM Arguments:
jvm_args: -Djava.library.path=lib -javaagent:/Applications/IntelliJ IDEA.app/Contents/lib/idea_rt.jar=52614:/Applications/IntelliJ IDEA.app/Contents/bin -Dfile.encoding=UTF-8 
java_command: fr.rphstudio.chess.launcher.MainLauncher
java_class_path (initial): /Users/AlyssiaPH/Documents/Cours/POO/EstebanChess/target/classes:/Users/AlyssiaPH/.m2/repository/org/slick2d/slick2d-core/1.0.0/slick2d-core-1.0.0.jar:/Users/AlyssiaPH/.m2/repository/org/lwjgl/lwjgl/lwjgl/2.9.0/lwjgl-2.9.0.jar:/Users/AlyssiaPH/.m2/repository/org/lwjgl/lwjgl/lwjgl-platform/2.9.0/lwjgl-platform-2.9.0-natives-windows.jar:/Users/AlyssiaPH/.m2/repository/org/lwjgl/lwjgl/lwjgl-platform/2.9.0/lwjgl-platform-2.9.0-natives-linux.jar:/Users/AlyssiaPH/.m2/repository/org/lwjgl/lwjgl/lwjgl-platform/2.9.0/lwjgl-platform-2.9.0-natives-osx.jar:/Users/AlyssiaPH/.m2/repository/net/java/jinput/jinput/2.0.5/jinput-2.0.5.jar:/Users/AlyssiaPH/.m2/repository/net/java/jutils/jutils/1.0.0/jutils-1.0.0.jar:/Users/AlyssiaPH/.m2/repository/net/java/jinput/jinput-platform/2.0.5/jinput-platform-2.0.5-natives-linux.jar:/Users/AlyssiaPH/.m2/repository/net/java/jinput/jinput-platform/2.0.5/jinput-platform-2.0.5-natives-windows.jar:/Users/AlyssiaPH/.m2/repository/net/java/jinput/jinput-platform/2.0.5/jinput-platform-2.0.5-natives-osx.jar:/Users/AlyssiaPH/.m2/repository/org/jcraft/jorbis/0.0.17/jorbis-0.0.17.jar:/Users/AlyssiaPH/.m2/repository/org/dyn4j/dyn4j/3.2.3/dyn4j-3.2.3.jar
Launcher Type: SUN_STANDARD

[Global flags]
     intx CICompilerCount                          = 3                                         {product} {ergonomic}
     uint ConcGCThreads                            = 1                                         {product} {ergonomic}
     uint G1ConcRefinementThreads                  = 4                                         {product} {ergonomic}
   size_t G1HeapRegionSize                         = 1048576                                   {product} {ergonomic}
    uintx GCDrainStackTargetSize                   = 64                                        {product} {ergonomic}
   size_t InitialHeapSize                          = 134217728                                 {product} {ergonomic}
   size_t MarkStackSize                            = 4194304                                   {product} {ergonomic}
   size_t MaxHeapSize                              = 2147483648                                {product} {ergonomic}
   size_t MaxNewSize                               = 1287651328                                {product} {ergonomic}
   size_t MinHeapDeltaBytes                        = 1048576                                   {product} {ergonomic}
   size_t MinHeapSize                              = 8388608                                   {product} {ergonomic}
    uintx NonNMethodCodeHeapSize                   = 5830732                                {pd product} {ergonomic}
    uintx NonProfiledCodeHeapSize                  = 122913754                              {pd product} {ergonomic}
    uintx ProfiledCodeHeapSize                     = 122913754                              {pd product} {ergonomic}
    uintx ReservedCodeCacheSize                    = 251658240                              {pd product} {ergonomic}
     bool SegmentedCodeCache                       = true                                      {product} {ergonomic}
   size_t SoftMaxHeapSize                          = 2147483648                             {manageable} {ergonomic}
     bool UseCompressedClassPointers               = true                                 {lp64_product} {ergonomic}
     bool UseCompressedOops                        = true                                 {lp64_product} {ergonomic}
     bool UseG1GC                                  = true                                      {product} {ergonomic}

Logging:
Log output configuration:
 #0: stdout all=warning uptime,level,tags
 #1: stderr all=off uptime,level,tags

Environment Variables:
PATH=/Users/AlyssiaPH/.rbenv/shims:/Users/AlyssiaPH/.rbenv/bin:/usr/local/bin:/usr/bin:/bin:/usr/sbin:/sbin:/Library/Frameworks/Mono.framework/Versions/Current/Commands
SHELL=/bin/bash

Signal Handlers:
SIGSEGV: [libjvm.dylib+0x781570], sa_mask[0]=11111111011111110111111111111111, sa_flags=SA_ONSTACK|SA_RESTART|SA_SIGINFO
SIGBUS: [libjvm.dylib+0x781570], sa_mask[0]=11111111011111110111111111111111, sa_flags=SA_RESTART|SA_SIGINFO
SIGFPE: [libjvm.dylib+0x781570], sa_mask[0]=11111111011111110111111111111111, sa_flags=SA_RESTART|SA_SIGINFO
SIGPIPE: [libjvm.dylib+0x627f75], sa_mask[0]=11111111011111110111111111111111, sa_flags=SA_RESTART|SA_SIGINFO
SIGXFSZ: [libjvm.dylib+0x627f75], sa_mask[0]=11111111011111110111111111111111, sa_flags=SA_RESTART|SA_SIGINFO
SIGILL: [libjvm.dylib+0x781570], sa_mask[0]=11111111011111110111111111111111, sa_flags=SA_RESTART|SA_SIGINFO
SIGUSR2: [libjvm.dylib+0x62855f], sa_mask[0]=00100000000000000000000000000000, sa_flags=SA_RESTART|SA_SIGINFO
SIGHUP: [libjvm.dylib+0x62754d], sa_mask[0]=11111111011111110111111111111111, sa_flags=SA_RESTART|SA_SIGINFO
SIGINT: [libjvm.dylib+0x62754d], sa_mask[0]=11111111011111110111111111111111, sa_flags=SA_RESTART|SA_SIGINFO
SIGTERM: [libjvm.dylib+0x62754d], sa_mask[0]=11111111011111110111111111111111, sa_flags=SA_RESTART|SA_SIGINFO
SIGQUIT: [libjvm.dylib+0x62754d], sa_mask[0]=11111111011111110111111111111111, sa_flags=SA_RESTART|SA_SIGINFO


---------------  S Y S T E M  ---------------

OS:uname:Darwin 19.2.0 Darwin Kernel Version 19.2.0: Sat Nov  9 03:47:04 PST 2019; root:xnu-6153.61.1~20/RELEASE_X86_64 x86_64
rlimit: STACK 8192k, CORE 0k, NPROC 1392, NOFILE 10240, AS infinity, DATA infinity, FSIZE infinity
load average:2.80 2.15 1.93

CPU:total 4 (initial active 4) (2 cores per cpu, 2 threads per core) family 6 model 142 stepping 9, cmov, cx8, fxsr, mmx, sse, sse2, sse3, ssse3, sse4.1, sse4.2, popcnt, avx, avx2, aes, clmul, erms, rtm, 3dnowpref, lzcnt, ht, tsc, tscinvbit, bmi1, bmi2, adx, fma

Memory: 4k page, physical 8388608k(498564k free), swap 2097152k(1256704k free)

vm_info: Java HotSpot(TM) 64-Bit Server VM (13.0.1+9) for bsd-amd64 JRE (13.0.1+9), built on Oct  6 2019 11:43:59 by "mach5one" with clang 4.2.1 Compatible Apple LLVM 10.0.0 (clang-1000.11.45.5)

END.
